<?xml version="1.0" encoding="UTF-8"?>
<!-- Generated by org.testng.reporters.JUnitReportReporter -->
<testsuite hostname="DESKTOP-6VUCLIF" failures="0" tests="1" name="com.testinn.Test_first" time="1.979" errors="0" timestamp="2023-03-26T15:30:10 EDT" skipped="0">
  <testcase classname="com.testinn.Test_first" name="Search" time="1.979"/>
  <system-out/>
</testsuite> <!-- com.testinn.Test_first -->
